\BOOKMARK [0][-]{part.1}{Part 1. Theory}{}% 1
\BOOKMARK [1][-]{section.1}{1. Light Transport I}{part.1}% 2
\BOOKMARK [1][-]{section.2}{2. Camera Projection}{part.1}% 3
\BOOKMARK [2][-]{subsection.2.1}{2.1. Film}{section.2}% 4
\BOOKMARK [2][-]{subsection.2.2}{2.2. Sampling}{section.2}% 5
\BOOKMARK [1][-]{section.3}{3. Ray Marching}{part.1}% 6
\BOOKMARK [2][-]{subsection.3.1}{3.1. Ray Tracing}{section.3}% 7
\BOOKMARK [2][-]{subsection.3.2}{3.2. Ray Marching}{section.3}% 8
\BOOKMARK [1][-]{section.4}{4. Distance Functions}{part.1}% 9
\BOOKMARK [2][-]{subsection.4.1}{4.1. Primitives}{section.4}% 10
\BOOKMARK [2][-]{subsection.4.2}{4.2. Alterations}{section.4}% 11
\BOOKMARK [2][-]{subsection.4.3}{4.3. Combinations}{section.4}% 12
\BOOKMARK [2][-]{subsection.4.4}{4.4. Mandelbulb}{section.4}% 13
\BOOKMARK [0][-]{part.2}{Part 2. Practice}{}% 14
\BOOKMARK [1][-]{section.5}{5. Outline}{part.2}% 15
\BOOKMARK [1][-]{section.6}{6. User Control}{part.2}% 16
\BOOKMARK [2][-]{subsection.6.1}{6.1. Command Line Arguments}{section.6}% 17
\BOOKMARK [2][-]{subsection.6.2}{6.2. Scene Description}{section.6}% 18
\BOOKMARK [0][-]{part.3}{Part 3. Analysis}{}% 19
\BOOKMARK [0][-]{part.4}{Part 4. Usage}{}% 20
\BOOKMARK [1][-]{section.7}{7. Command Line Arguments}{part.4}% 21
\BOOKMARK [2][-]{subsection.7.1}{7.1. Options}{section.7}% 22
\BOOKMARK [2][-]{subsection.7.2}{7.2. Output}{section.7}% 23
\BOOKMARK [2][-]{subsection.7.3}{7.3. Renderer}{section.7}% 24
\BOOKMARK [1][-]{section.8}{8. Scene File}{part.4}% 25
