This is pdfTeX, Version 3.14159265-2.6-1.40.20 (TeX Live 2019/Arch Linux) (preloaded format=pdflatex 2019.11.19)  30 NOV 2019 12:43
entering extended mode
 restricted \write18 enabled.
 file:line:error style messages enabled.
 %&-line parsing enabled.
**camera.tex
(./camera.tex
LaTeX2e <2019-10-01> patch level 1

! LaTeX Error: File `subfile.cls' not found.

Type X to quit or <RETURN> to proceed,
or enter new name. (Default extension: cls)

Enter file name: 
./camera.tex:2: Emergency stop.
<read *> 
         
l.2 ^^M
       
*** (cannot \read from terminal in nonstop modes)

 
Here is how much of TeX's memory you used:
 11 strings out of 492167
 202 string characters out of 6131557
 59047 words of memory out of 5000000
 4472 multiletter control sequences out of 15000+600000
 3640 words of font info for 14 fonts, out of 8000000 for 9000
 1141 hyphenation exceptions out of 8191
 11i,0n,8p,48b,10s stack positions out of 5000i,500n,10000p,200000b,80000s
./camera.tex:2:  ==> Fatal error occurred, no output PDF file produced!
